0 info it worked if it ends with ok
1 verbose cli [ 'C:\\Program Files\\nodejs\\\\node.exe',
1 verbose cli   'C:\\Program Files\\nodejs\\node_modules\\npm\\bin\\npm-cli.js',
1 verbose cli   'install',
1 verbose cli   'jquery-1' ]
2 info using npm@2.11.3
3 info using node@v0.12.7
4 verbose install initial load of C:\Users\Marian\Desktop\server\package.json
5 verbose installManyTop reading scoped package data from C:\Users\Marian\Desktop\server\node_modules\date-format\package.json
6 verbose installManyTop reading scoped package data from C:\Users\Marian\Desktop\server\node_modules\express\package.json
7 verbose installManyTop reading scoped package data from C:\Users\Marian\Desktop\server\node_modules\mathjs\package.json
8 verbose installManyTop reading scoped package data from C:\Users\Marian\Desktop\server\node_modules\mongodb\package.json
9 verbose installManyTop reading scoped package data from C:\Users\Marian\Desktop\server\node_modules\socket.io\package.json
10 info package.json socket.io@1.3.6 No license field.
11 verbose readDependencies loading dependencies from C:\Users\Marian\Desktop\server\package.json
12 silly cache add args [ 'jquery-1', null ]
13 verbose cache add spec jquery-1
14 silly cache add parsed spec { raw: 'jquery-1',
14 silly cache add   scope: null,
14 silly cache add   name: 'jquery-1',
14 silly cache add   rawSpec: '',
14 silly cache add   spec: '*',
14 silly cache add   type: 'range' }
15 silly addNamed jquery-1@*
16 verbose addNamed "*" is a valid semver range for jquery-1
17 silly addNameRange { name: 'jquery-1', range: '*', hasData: false }
18 silly mapToRegistry name jquery-1
19 silly mapToRegistry using default registry
20 silly mapToRegistry registry https://registry.npmjs.org/
21 silly mapToRegistry uri https://registry.npmjs.org/jquery-1
22 verbose addNameRange registry:https://registry.npmjs.org/jquery-1 not in flight; fetching
23 verbose request uri https://registry.npmjs.org/jquery-1
24 verbose request no auth needed
25 info attempt registry request try #1 at 21:21:00
26 verbose request id 9abd1f9812e66c3f
27 http request GET https://registry.npmjs.org/jquery-1
28 http 404 https://registry.npmjs.org/jquery-1
29 verbose headers { 'content-type': 'application/json',
29 verbose headers   'cache-control': 'max-age=0',
29 verbose headers   'content-length': '2',
29 verbose headers   'accept-ranges': 'bytes',
29 verbose headers   date: 'Mon, 24 Aug 2015 19:21:05 GMT',
29 verbose headers   via: '1.1 varnish',
29 verbose headers   age: '0',
29 verbose headers   connection: 'keep-alive',
29 verbose headers   'x-served-by': 'cache-fra1238-FRA',
29 verbose headers   'x-cache': 'MISS',
29 verbose headers   'x-cache-hits': '0',
29 verbose headers   'x-timer': 'S1440444064.271068,VS0,VE822' }
30 silly get cb [ 404,
30 silly get   { 'content-type': 'application/json',
30 silly get     'cache-control': 'max-age=0',
30 silly get     'content-length': '2',
30 silly get     'accept-ranges': 'bytes',
30 silly get     date: 'Mon, 24 Aug 2015 19:21:05 GMT',
30 silly get     via: '1.1 varnish',
30 silly get     age: '0',
30 silly get     connection: 'keep-alive',
30 silly get     'x-served-by': 'cache-fra1238-FRA',
30 silly get     'x-cache': 'MISS',
30 silly get     'x-cache-hits': '0',
30 silly get     'x-timer': 'S1440444064.271068,VS0,VE822' } ]
31 verbose stack Error: Registry returned 404 for GET on https://registry.npmjs.org/jquery-1
31 verbose stack     at CachingRegistryClient.<anonymous> (C:\Program Files\nodejs\node_modules\npm\node_modules\npm-registry-client\lib\request.js:239:14)
31 verbose stack     at Request._callback (C:\Program Files\nodejs\node_modules\npm\node_modules\npm-registry-client\lib\request.js:170:14)
31 verbose stack     at Request.self.callback (C:\Program Files\nodejs\node_modules\npm\node_modules\request\request.js:354:22)
31 verbose stack     at Request.emit (events.js:110:17)
31 verbose stack     at Request.<anonymous> (C:\Program Files\nodejs\node_modules\npm\node_modules\request\request.js:1207:14)
31 verbose stack     at Request.emit (events.js:129:20)
31 verbose stack     at IncomingMessage.<anonymous> (C:\Program Files\nodejs\node_modules\npm\node_modules\request\request.js:1153:12)
31 verbose stack     at IncomingMessage.emit (events.js:129:20)
31 verbose stack     at _stream_readable.js:908:16
31 verbose stack     at process._tickCallback (node.js:355:11)
32 verbose statusCode 404
33 verbose pkgid jquery-1
34 verbose cwd C:\Users\Marian\Desktop\server
35 error Windows_NT 6.3.9600
36 error argv "C:\\Program Files\\nodejs\\\\node.exe" "C:\\Program Files\\nodejs\\node_modules\\npm\\bin\\npm-cli.js" "install" "jquery-1"
37 error node v0.12.7
38 error npm  v2.11.3
39 error code E404
40 error 404 Registry returned 404 for GET on https://registry.npmjs.org/jquery-1
40 error 404
40 error 404 'jquery-1' is not in the npm registry.
40 error 404 You should bug the author to publish it (or use the name yourself!)
40 error 404
40 error 404 Note that you can also install from a
40 error 404 tarball, folder, http url, or git url.
41 verbose exit [ 1, true ]
